{"C:\\Users\\Harold\\pizza-order-app\\src\\components\\atoms\\ButtonBasket\\ButtonBasket.tsx": {"path":"C:\\Users\\Harold\\pizza-order-app\\src\\components\\atoms\\ButtonBasket\\ButtonBasket.tsx","statementMap":{"0":{"start":{"line":2,"column":0},"end":{"line":2,"column":50}},"1":{"start":{"line":9,"column":44},"end":{"line":13,"column":null}},"2":{"start":{"line":10,"column":2},"end":{"line":12,"column":null}},"3":{"start":{"line":16,"column":0},"end":{"line":16,"column":28}}},"fnMap":{"0":{"name":"(anonymous_0)","decl":{"start":{"line":9,"column":44},"end":{"line":9,"column":45}},"loc":{"start":{"line":10,"column":2},"end":{"line":12,"column":null}}}},"branchMap":{},"s":{"0":2,"1":2,"2":3,"3":2},"f":{"0":3},"b":{}}
,"C:\\Users\\Harold\\pizza-order-app\\src\\components\\atoms\\ButtonCheckout\\ButtonCheckout.tsx": {"path":"C:\\Users\\Harold\\pizza-order-app\\src\\components\\atoms\\ButtonCheckout\\ButtonCheckout.tsx","statementMap":{"0":{"start":{"line":7,"column":46},"end":{"line":13,"column":null}},"1":{"start":{"line":8,"column":2},"end":{"line":10,"column":null}},"2":{"start":{"line":16,"column":0},"end":{"line":16,"column":30}}},"fnMap":{"0":{"name":"(anonymous_0)","decl":{"start":{"line":7,"column":46},"end":{"line":7,"column":47}},"loc":{"start":{"line":8,"column":2},"end":{"line":10,"column":null}}}},"branchMap":{},"s":{"0":1,"1":1,"2":1},"f":{"0":1},"b":{}}
,"C:\\Users\\Harold\\pizza-order-app\\src\\components\\atoms\\ButtonChoose\\ButtonChoose.tsx": {"path":"C:\\Users\\Harold\\pizza-order-app\\src\\components\\atoms\\ButtonChoose\\ButtonChoose.tsx","statementMap":{"0":{"start":{"line":7,"column":44},"end":{"line":13,"column":null}},"1":{"start":{"line":8,"column":2},"end":{"line":10,"column":null}},"2":{"start":{"line":16,"column":0},"end":{"line":16,"column":28}}},"fnMap":{"0":{"name":"(anonymous_0)","decl":{"start":{"line":7,"column":44},"end":{"line":7,"column":45}},"loc":{"start":{"line":8,"column":2},"end":{"line":10,"column":null}}}},"branchMap":{},"s":{"0":1,"1":1,"2":1},"f":{"0":1},"b":{}}
,"C:\\Users\\Harold\\pizza-order-app\\src\\components\\atoms\\ButtonRemove\\ButtonRemove.tsx": {"path":"C:\\Users\\Harold\\pizza-order-app\\src\\components\\atoms\\ButtonRemove\\ButtonRemove.tsx","statementMap":{"0":{"start":{"line":7,"column":44},"end":{"line":8,"column":null}},"1":{"start":{"line":8,"column":2},"end":{"line":8,"column":43}},"2":{"start":{"line":11,"column":0},"end":{"line":11,"column":28}}},"fnMap":{"0":{"name":"(anonymous_0)","decl":{"start":{"line":7,"column":44},"end":{"line":7,"column":45}},"loc":{"start":{"line":8,"column":2},"end":{"line":8,"column":43}}}},"branchMap":{},"s":{"0":1,"1":1,"2":1},"f":{"0":1},"b":{}}
,"C:\\Users\\Harold\\pizza-order-app\\src\\components\\atoms\\IconBasket\\IconBasket.tsx": {"path":"C:\\Users\\Harold\\pizza-order-app\\src\\components\\atoms\\IconBasket\\IconBasket.tsx","statementMap":{"0":{"start":{"line":8,"column":40},"end":{"line":25,"column":null}},"1":{"start":{"line":12,"column":2},"end":{"line":24,"column":null}},"2":{"start":{"line":28,"column":0},"end":{"line":28,"column":26}}},"fnMap":{"0":{"name":"(anonymous_0)","decl":{"start":{"line":8,"column":40},"end":{"line":8,"column":41}},"loc":{"start":{"line":12,"column":2},"end":{"line":24,"column":null}}}},"branchMap":{"0":{"loc":{"start":{"line":9,"column":2},"end":{"line":9,"column":10}},"type":"default-arg","locations":[{"start":{"line":9,"column":9},"end":{"line":9,"column":10}}]},"1":{"loc":{"start":{"line":10,"column":2},"end":{"line":10,"column":24}},"type":"default-arg","locations":[{"start":{"line":10,"column":10},"end":{"line":10,"column":24}}]}},"s":{"0":3,"1":4,"2":3},"f":{"0":4},"b":{"0":[4],"1":[4]}}
,"C:\\Users\\Harold\\pizza-order-app\\src\\components\\atoms\\ImagePizza\\ImagePizza.tsx": {"path":"C:\\Users\\Harold\\pizza-order-app\\src\\components\\atoms\\ImagePizza\\ImagePizza.tsx","statementMap":{"0":{"start":{"line":8,"column":41},"end":{"line":13,"column":null}},"1":{"start":{"line":9,"column":2},"end":{"line":12,"column":null}},"2":{"start":{"line":16,"column":0},"end":{"line":16,"column":26}}},"fnMap":{"0":{"name":"(anonymous_0)","decl":{"start":{"line":8,"column":41},"end":{"line":8,"column":42}},"loc":{"start":{"line":9,"column":2},"end":{"line":12,"column":null}}}},"branchMap":{},"s":{"0":1,"1":1,"2":1},"f":{"0":1},"b":{}}
,"C:\\Users\\Harold\\pizza-order-app\\src\\components\\atoms\\TextBannerTitle\\TextBannerTitle.tsx": {"path":"C:\\Users\\Harold\\pizza-order-app\\src\\components\\atoms\\TextBannerTitle\\TextBannerTitle.tsx","statementMap":{"0":{"start":{"line":7,"column":45},"end":{"line":8,"column":null}},"1":{"start":{"line":8,"column":2},"end":{"line":8,"column":60}},"2":{"start":{"line":11,"column":0},"end":{"line":11,"column":31}}},"fnMap":{"0":{"name":"(anonymous_0)","decl":{"start":{"line":7,"column":45},"end":{"line":7,"column":46}},"loc":{"start":{"line":8,"column":2},"end":{"line":8,"column":60}}}},"branchMap":{},"s":{"0":1,"1":1,"2":1},"f":{"0":1},"b":{}}
,"C:\\Users\\Harold\\pizza-order-app\\src\\components\\atoms\\TextPizzaPrice\\TextPizzaPrice.tsx": {"path":"C:\\Users\\Harold\\pizza-order-app\\src\\components\\atoms\\TextPizzaPrice\\TextPizzaPrice.tsx","statementMap":{"0":{"start":{"line":7,"column":44},"end":{"line":8,"column":null}},"1":{"start":{"line":8,"column":2},"end":{"line":8,"column":45}},"2":{"start":{"line":11,"column":0},"end":{"line":11,"column":30}}},"fnMap":{"0":{"name":"(anonymous_0)","decl":{"start":{"line":7,"column":44},"end":{"line":7,"column":45}},"loc":{"start":{"line":8,"column":2},"end":{"line":8,"column":45}}}},"branchMap":{},"s":{"0":1,"1":1,"2":1},"f":{"0":1},"b":{}}
,"C:\\Users\\Harold\\pizza-order-app\\src\\components\\atoms\\TextPizzaTitle\\TextPizzaTitle.tsx": {"path":"C:\\Users\\Harold\\pizza-order-app\\src\\components\\atoms\\TextPizzaTitle\\TextPizzaTitle.tsx","statementMap":{"0":{"start":{"line":7,"column":44},"end":{"line":8,"column":null}},"1":{"start":{"line":8,"column":2},"end":{"line":8,"column":72}},"2":{"start":{"line":11,"column":0},"end":{"line":11,"column":30}}},"fnMap":{"0":{"name":"(anonymous_0)","decl":{"start":{"line":7,"column":44},"end":{"line":7,"column":45}},"loc":{"start":{"line":8,"column":2},"end":{"line":8,"column":72}}}},"branchMap":{},"s":{"0":1,"1":1,"2":1},"f":{"0":1},"b":{}}
,"C:\\Users\\Harold\\pizza-order-app\\src\\components\\atoms\\TextTotal\\TextTotal.tsx": {"path":"C:\\Users\\Harold\\pizza-order-app\\src\\components\\atoms\\TextTotal\\TextTotal.tsx","statementMap":{"0":{"start":{"line":7,"column":39},"end":{"line":8,"column":null}},"1":{"start":{"line":8,"column":2},"end":{"line":8,"column":67}},"2":{"start":{"line":11,"column":0},"end":{"line":11,"column":25}}},"fnMap":{"0":{"name":"(anonymous_0)","decl":{"start":{"line":7,"column":39},"end":{"line":7,"column":40}},"loc":{"start":{"line":8,"column":2},"end":{"line":8,"column":67}}}},"branchMap":{},"s":{"0":1,"1":1,"2":1},"f":{"0":1},"b":{}}
,"C:\\Users\\Harold\\pizza-order-app\\src\\components\\molecules\\BasketItem\\BasketItem.tsx": {"path":"C:\\Users\\Harold\\pizza-order-app\\src\\components\\molecules\\BasketItem\\BasketItem.tsx","statementMap":{"0":{"start":{"line":12,"column":46},"end":{"line":68,"column":1}},"1":{"start":{"line":19,"column":28},"end":{"line":19,"column":63}},"2":{"start":{"line":20,"column":22},"end":{"line":20,"column":79}},"3":{"start":{"line":21,"column":19},"end":{"line":21,"column":76}},"4":{"start":{"line":21,"column":52},"end":{"line":21,"column":64}},"5":{"start":{"line":23,"column":2},"end":{"line":67,"column":4}},"6":{"start":{"line":70,"column":0},"end":{"line":70,"column":26}}},"fnMap":{"0":{"name":"(anonymous_0)","decl":{"start":{"line":12,"column":46},"end":{"line":12,"column":47}},"loc":{"start":{"line":18,"column":5},"end":{"line":68,"column":1}}},"1":{"name":"(anonymous_1)","decl":{"start":{"line":21,"column":39},"end":{"line":21,"column":40}},"loc":{"start":{"line":21,"column":52},"end":{"line":21,"column":64}}}},"branchMap":{"0":{"loc":{"start":{"line":61,"column":14},"end":{"line":61,"column":59}},"type":"cond-expr","locations":[{"start":{"line":61,"column":27},"end":{"line":61,"column":42}},{"start":{"line":61,"column":45},"end":{"line":61,"column":59}}]},"1":{"loc":{"start":{"line":62,"column":12},"end":{"line":62,"column":null}},"type":"cond-expr","locations":[{"start":{"line":62,"column":23},"end":{"line":62,"column":38}},{"start":{"line":62,"column":41},"end":{"line":62,"column":null}}]}},"s":{"0":3,"1":4,"2":4,"3":4,"4":0,"5":4,"6":3},"f":{"0":4,"1":0},"b":{"0":[0,4],"1":[0,4]}}
,"C:\\Users\\Harold\\pizza-order-app\\src\\components\\organisms\\Basket\\Basket.tsx": {"path":"C:\\Users\\Harold\\pizza-order-app\\src\\components\\organisms\\Basket\\Basket.tsx","statementMap":{"0":{"start":{"line":3,"column":0},"end":{"line":3,"column":63}},"1":{"start":{"line":12,"column":39},"end":{"line":47,"column":null}},"2":{"start":{"line":18,"column":2},"end":{"line":46,"column":null}},"3":{"start":{"line":22,"column":10},"end":{"line":26,"column":null}},"4":{"start":{"line":24,"column":14},"end":{"line":24,"column":44}},"5":{"start":{"line":30,"column":30},"end":{"line":30,"column":71}},"6":{"start":{"line":12,"column":13},"end":{"line":12,"column":39}}},"fnMap":{"0":{"name":"(anonymous_0)","decl":{"start":{"line":12,"column":39},"end":{"line":12,"column":40}},"loc":{"start":{"line":18,"column":2},"end":{"line":46,"column":null}}},"1":{"name":"(anonymous_1)","decl":{"start":{"line":21,"column":27},"end":{"line":21,"column":28}},"loc":{"start":{"line":22,"column":10},"end":{"line":26,"column":null}}},"2":{"name":"(anonymous_2)","decl":{"start":{"line":23,"column":24},"end":{"line":23,"column":27}},"loc":{"start":{"line":23,"column":29},"end":{"line":25,"column":13}}},"3":{"name":"(anonymous_3)","decl":{"start":{"line":30,"column":24},"end":{"line":30,"column":27}},"loc":{"start":{"line":30,"column":30},"end":{"line":30,"column":71}}}},"branchMap":{"0":{"loc":{"start":{"line":19,"column":5},"end":{"line":45,"column":null}},"type":"cond-expr","locations":[{"start":{"line":20,"column":6},"end":{"line":42,"column":null}},{"start":{"line":45,"column":6},"end":{"line":45,"column":75}}]}},"s":{"0":2,"1":2,"2":2,"3":2,"4":1,"5":1,"6":2},"f":{"0":2,"1":2,"2":1,"3":1},"b":{"0":[2,0]}}
,"C:\\Users\\Harold\\pizza-order-app\\src\\components\\organisms\\Header\\Header.tsx": {"path":"C:\\Users\\Harold\\pizza-order-app\\src\\components\\organisms\\Header\\Header.tsx","statementMap":{"0":{"start":{"line":2,"column":0},"end":{"line":2,"column":65}},"1":{"start":{"line":3,"column":0},"end":{"line":3,"column":42}},"2":{"start":{"line":5,"column":19},"end":{"line":5,"column":34}},"3":{"start":{"line":16,"column":15},"end":{"line":49,"column":1}},"4":{"start":{"line":24,"column":23},"end":{"line":35,"column":3}},"5":{"start":{"line":25,"column":4},"end":{"line":25,"column":35}},"6":{"start":{"line":25,"column":23},"end":{"line":25,"column":35}},"7":{"start":{"line":27,"column":4},"end":{"line":34,"column":6}},"8":{"start":{"line":37,"column":2},"end":{"line":48,"column":4}},"9":{"start":{"line":51,"column":0},"end":{"line":51,"column":22}}},"fnMap":{"0":{"name":"(anonymous_0)","decl":{"start":{"line":16,"column":15},"end":{"line":16,"column":16}},"loc":{"start":{"line":23,"column":18},"end":{"line":49,"column":1}}},"1":{"name":"(anonymous_1)","decl":{"start":{"line":24,"column":23},"end":{"line":24,"column":26}},"loc":{"start":{"line":24,"column":28},"end":{"line":35,"column":3}}}},"branchMap":{"0":{"loc":{"start":{"line":25,"column":4},"end":{"line":25,"column":35}},"type":"if","locations":[{"start":{"line":25,"column":4},"end":{"line":25,"column":35}}]}},"s":{"0":1,"1":1,"2":1,"3":1,"4":2,"5":2,"6":2,"7":0,"8":2,"9":1},"f":{"0":2,"1":2},"b":{"0":[2]}}
}
