TN:
SF:src\components\atoms\ButtonBasket\ButtonBasket.tsx
FN:9,(anonymous_0)
FNF:1
FNH:1
FNDA:3,(anonymous_0)
DA:2,2
DA:9,2
DA:10,3
DA:16,2
LF:4
LH:4
BRF:0
BRH:0
end_of_record
TN:
SF:src\components\atoms\ButtonCheckout\ButtonCheckout.tsx
FN:7,(anonymous_0)
FNF:1
FNH:1
FNDA:1,(anonymous_0)
DA:7,1
DA:8,1
DA:16,1
LF:3
LH:3
BRF:0
BRH:0
end_of_record
TN:
SF:src\components\atoms\ButtonChoose\ButtonChoose.tsx
FN:7,(anonymous_0)
FNF:1
FNH:1
FNDA:1,(anonymous_0)
DA:7,1
DA:8,1
DA:16,1
LF:3
LH:3
BRF:0
BRH:0
end_of_record
TN:
SF:src\components\atoms\ButtonRemove\ButtonRemove.tsx
FN:7,(anonymous_0)
FNF:1
FNH:1
FNDA:1,(anonymous_0)
DA:7,1
DA:8,1
DA:11,1
LF:3
LH:3
BRF:0
BRH:0
end_of_record
TN:
SF:src\components\atoms\IconBasket\IconBasket.tsx
FN:8,(anonymous_0)
FNF:1
FNH:1
FNDA:4,(anonymous_0)
DA:8,3
DA:12,4
DA:28,3
LF:3
LH:3
BRDA:9,0,0,4
BRDA:10,1,0,4
BRF:2
BRH:2
end_of_record
TN:
SF:src\components\atoms\ImagePizza\ImagePizza.tsx
FN:8,(anonymous_0)
FNF:1
FNH:1
FNDA:1,(anonymous_0)
DA:8,1
DA:9,1
DA:16,1
LF:3
LH:3
BRF:0
BRH:0
end_of_record
TN:
SF:src\components\atoms\TextBannerTitle\TextBannerTitle.tsx
FN:7,(anonymous_0)
FNF:1
FNH:1
FNDA:1,(anonymous_0)
DA:7,1
DA:8,1
DA:11,1
LF:3
LH:3
BRF:0
BRH:0
end_of_record
TN:
SF:src\components\atoms\TextPizzaPrice\TextPizzaPrice.tsx
FN:7,(anonymous_0)
FNF:1
FNH:1
FNDA:1,(anonymous_0)
DA:7,1
DA:8,1
DA:11,1
LF:3
LH:3
BRF:0
BRH:0
end_of_record
TN:
SF:src\components\atoms\TextPizzaTitle\TextPizzaTitle.tsx
FN:7,(anonymous_0)
FNF:1
FNH:1
FNDA:1,(anonymous_0)
DA:7,1
DA:8,1
DA:11,1
LF:3
LH:3
BRF:0
BRH:0
end_of_record
TN:
SF:src\components\atoms\TextTotal\TextTotal.tsx
FN:7,(anonymous_0)
FNF:1
FNH:1
FNDA:1,(anonymous_0)
DA:7,1
DA:8,1
DA:11,1
LF:3
LH:3
BRF:0
BRH:0
end_of_record
TN:
SF:src\components\molecules\BasketItem\BasketItem.tsx
FN:12,(anonymous_0)
FN:21,(anonymous_1)
FNF:2
FNH:1
FNDA:4,(anonymous_0)
FNDA:0,(anonymous_1)
DA:12,3
DA:19,4
DA:20,4
DA:21,4
DA:23,4
DA:70,3
LF:6
LH:6
BRDA:61,0,0,0
BRDA:61,0,1,4
BRDA:62,1,0,0
BRDA:62,1,1,4
BRF:4
BRH:2
end_of_record
TN:
SF:src\components\organisms\Basket\Basket.tsx
FN:12,(anonymous_0)
FN:21,(anonymous_1)
FN:23,(anonymous_2)
FN:30,(anonymous_3)
FNF:4
FNH:4
FNDA:2,(anonymous_0)
FNDA:2,(anonymous_1)
FNDA:1,(anonymous_2)
FNDA:1,(anonymous_3)
DA:3,2
DA:12,2
DA:18,2
DA:22,2
DA:24,1
DA:30,1
LF:6
LH:6
BRDA:19,0,0,2
BRDA:19,0,1,0
BRF:2
BRH:1
end_of_record
TN:
SF:src\components\organisms\Header\Header.tsx
FN:16,(anonymous_0)
FN:24,(anonymous_1)
FNF:2
FNH:2
FNDA:2,(anonymous_0)
FNDA:2,(anonymous_1)
DA:2,1
DA:3,1
DA:5,1
DA:16,1
DA:24,2
DA:25,2
DA:27,0
DA:37,2
DA:51,1
LF:9
LH:8
BRDA:25,0,0,2
BRF:1
BRH:1
end_of_record
